Started GET "/" for 127.0.0.1 at 2024-10-24 15:23:29 -0700
  [1m[35m (0.5ms)[0m  [1m[35mCREATE TABLE "schema_migrations" ("version" varchar NOT NULL PRIMARY KEY)[0m
  [1m[35m (0.1ms)[0m  [1m[35mCREATE TABLE "ar_internal_metadata" ("key" varchar NOT NULL PRIMARY KEY, "value" varchar, "created_at" datetime(6) NOT NULL, "updated_at" datetime(6) NOT NULL)[0m
  [1m[36mActiveRecord::SchemaMigration Load (0.5ms)[0m  [1m[34mSELECT "schema_migrations"."version" FROM "schema_migrations" ORDER BY "schema_migrations"."version" ASC[0m
Processing by Rails::WelcomeController#index as HTML
  Rendering /Users/ege/.rbenv/versions/3.3.5/lib/ruby/gems/3.3.0/gems/railties-7.2.1.2/lib/rails/templates/rails/welcome/index.html.erb
  Rendered /Users/ege/.rbenv/versions/3.3.5/lib/ruby/gems/3.3.0/gems/railties-7.2.1.2/lib/rails/templates/rails/welcome/index.html.erb (Duration: 0.5ms | GC: 0.0ms)
Completed 200 OK in 24ms (Views: 6.5ms | ActiveRecord: 0.0ms (0 queries, 0 cached) | GC: 0.0ms)


  [1m[36mActiveRecord::InternalMetadata Load (0.5ms)[0m  [1m[34mSELECT * FROM "ar_internal_metadata" WHERE "ar_internal_metadata"."key" = ? ORDER BY "ar_internal_metadata"."key" ASC LIMIT 1[0m  [[nil, "environment"]]
  [1m[36mActiveRecord::InternalMetadata Create (0.8ms)[0m  [1m[32mINSERT INTO "ar_internal_metadata" ("key", "value", "created_at", "updated_at") VALUES ('environment', 'development', '2024-10-24 22:28:31.604910', '2024-10-24 22:28:31.604914') RETURNING "key"[0m
  [1m[36mActiveRecord::SchemaMigration Load (0.1ms)[0m  [1m[34mSELECT "schema_migrations"."version" FROM "schema_migrations" ORDER BY "schema_migrations"."version" ASC[0m
Migrating to CreateUsers (20241024222520)
  [1m[36mTRANSACTION (0.0ms)[0m  [1m[36mbegin transaction[0m
  [1m[35m (1.3ms)[0m  [1m[35mCREATE TABLE "users" ("id" integer PRIMARY KEY AUTOINCREMENT NOT NULL, "username" varchar NOT NULL, "created_at" datetime(6) NOT NULL, "updated_at" datetime(6) NOT NULL)[0m
  [1m[35m (0.1ms)[0m  [1m[35mCREATE UNIQUE INDEX "index_users_on_username" ON "users" ("username")[0m
  [1m[36mActiveRecord::SchemaMigration Create (0.1ms)[0m  [1m[32mINSERT INTO "schema_migrations" ("version") VALUES ('20241024222520') RETURNING "version"[0m
  [1m[36mTRANSACTION (0.1ms)[0m  [1m[36mcommit transaction[0m
Migrating to CreatePosts (20241024222529)
  [1m[36mTRANSACTION (0.0ms)[0m  [1m[36mbegin transaction[0m
  [1m[35m (1.7ms)[0m  [1m[35mCREATE TABLE "posts" ("id" integer PRIMARY KEY AUTOINCREMENT NOT NULL, "user_id" integer NOT NULL, "content" text NOT NULL, "created_at" datetime(6) NOT NULL, "updated_at" datetime(6) NOT NULL, CONSTRAINT "fk_rails_5b5ddfd518"
FOREIGN KEY ("user_id")
  REFERENCES "users" ("id")
)[0m
  [1m[35m (0.3ms)[0m  [1m[35mCREATE INDEX "index_posts_on_user_id" ON "posts" ("user_id")[0m
  [1m[36mActiveRecord::SchemaMigration Create (0.1ms)[0m  [1m[32mINSERT INTO "schema_migrations" ("version") VALUES ('20241024222529') RETURNING "version"[0m
  [1m[36mTRANSACTION (0.2ms)[0m  [1m[36mcommit transaction[0m
Migrating to CreateComments (20241024222541)
  [1m[36mTRANSACTION (0.0ms)[0m  [1m[36mbegin transaction[0m
  [1m[35m (0.8ms)[0m  [1m[35mCREATE TABLE "comments" ("id" integer PRIMARY KEY AUTOINCREMENT NOT NULL, "user_id" integer NOT NULL, "post_id" integer NOT NULL, "content" text NOT NULL, "created_at" datetime(6) NOT NULL, "updated_at" datetime(6) NOT NULL, CONSTRAINT "fk_rails_03de2dc08c"
FOREIGN KEY ("user_id")
  REFERENCES "users" ("id")
, CONSTRAINT "fk_rails_2fd19c0db7"
FOREIGN KEY ("post_id")
  REFERENCES "posts" ("id")
)[0m
  [1m[35m (0.1ms)[0m  [1m[35mCREATE INDEX "index_comments_on_user_id" ON "comments" ("user_id")[0m
  [1m[35m (0.1ms)[0m  [1m[35mCREATE INDEX "index_comments_on_post_id" ON "comments" ("post_id")[0m
  [1m[36mActiveRecord::SchemaMigration Create (0.1ms)[0m  [1m[32mINSERT INTO "schema_migrations" ("version") VALUES ('20241024222541') RETURNING "version"[0m
  [1m[36mTRANSACTION (0.1ms)[0m  [1m[36mcommit transaction[0m
  [1m[36mActiveRecord::SchemaMigration Load (0.0ms)[0m  [1m[34mSELECT "schema_migrations"."version" FROM "schema_migrations" ORDER BY "schema_migrations"."version" ASC[0m
  [1m[36mTRANSACTION (0.0ms)[0m  [1m[36mbegin transaction[0m
  [1m[36mUser Exists? (0.5ms)[0m  [1m[34mSELECT 1 AS one FROM "users" WHERE "users"."username" = ? LIMIT ?[0m  [["username", "testuser"], ["LIMIT", 1]]
  [1m[36mUser Create (0.1ms)[0m  [1m[32mINSERT INTO "users" ("username", "created_at", "updated_at") VALUES (?, ?, ?) RETURNING "id"[0m  [["username", "testuser"], ["created_at", "2024-10-24 22:29:57.541205"], ["updated_at", "2024-10-24 22:29:57.541205"]]
  [1m[36mTRANSACTION (0.3ms)[0m  [1m[36mcommit transaction[0m
  [1m[36mTRANSACTION (0.1ms)[0m  [1m[36mbegin transaction[0m
  [1m[36mPost Create (0.4ms)[0m  [1m[32mINSERT INTO "posts" ("user_id", "content", "created_at", "updated_at") VALUES (?, ?, ?, ?) RETURNING "id"[0m  [["user_id", 1], ["content", "This is a test post."], ["created_at", "2024-10-24 22:29:57.565736"], ["updated_at", "2024-10-24 22:29:57.565736"]]
  [1m[36mTRANSACTION (0.1ms)[0m  [1m[36mcommit transaction[0m
  [1m[36mTRANSACTION (0.0ms)[0m  [1m[36mbegin transaction[0m
  [1m[36mComment Create (0.4ms)[0m  [1m[32mINSERT INTO "comments" ("user_id", "post_id", "content", "created_at", "updated_at") VALUES (?, ?, ?, ?, ?) RETURNING "id"[0m  [["user_id", 1], ["post_id", 1], ["content", "This is a test comment."], ["created_at", "2024-10-24 22:29:57.571731"], ["updated_at", "2024-10-24 22:29:57.571731"]]
  [1m[36mTRANSACTION (0.2ms)[0m  [1m[36mcommit transaction[0m
  [1m[36mPost Load (0.1ms)[0m  [1m[34mSELECT "posts".* FROM "posts" WHERE "posts"."user_id" = ? /* loading for pp */ LIMIT ?[0m  [["user_id", 1], ["LIMIT", 11]]
  [1m[36mComment Load (0.2ms)[0m  [1m[34mSELECT "comments".* FROM "comments" WHERE "comments"."user_id" = ? /* loading for pp */ LIMIT ?[0m  [["user_id", 1], ["LIMIT", 11]]
  [1m[36mActiveRecord::SchemaMigration Load (0.3ms)[0m  [1m[34mSELECT "schema_migrations"."version" FROM "schema_migrations" ORDER BY "schema_migrations"."version" ASC[0m
  [1m[36mTRANSACTION (0.0ms)[0m  [1m[36mbegin transaction[0m
  [1m[36mUser Exists? (2.6ms)[0m  [1m[34mSELECT 1 AS one FROM "users" WHERE "users"."username" = ? LIMIT ?[0m  [["username", "alice"], ["LIMIT", 1]]
  [1m[36mUser Create (1.1ms)[0m  [1m[32mINSERT INTO "users" ("username", "created_at", "updated_at") VALUES (?, ?, ?) RETURNING "id"[0m  [["username", "alice"], ["created_at", "2024-10-24 22:31:02.346234"], ["updated_at", "2024-10-24 22:31:02.346234"]]
  [1m[36mTRANSACTION (0.4ms)[0m  [1m[36mcommit transaction[0m
  [1m[36mTRANSACTION (2.4ms)[0m  [1m[36mbegin transaction[0m
  [1m[36mUser Exists? (8.2ms)[0m  [1m[34mSELECT 1 AS one FROM "users" WHERE "users"."username" = ? LIMIT ?[0m  [["username", "bob"], ["LIMIT", 1]]
  [1m[36mUser Create (0.2ms)[0m  [1m[32mINSERT INTO "users" ("username", "created_at", "updated_at") VALUES (?, ?, ?) RETURNING "id"[0m  [["username", "bob"], ["created_at", "2024-10-24 22:31:02.382564"], ["updated_at", "2024-10-24 22:31:02.382564"]]
  [1m[36mTRANSACTION (0.2ms)[0m  [1m[36mcommit transaction[0m
  [1m[36mTRANSACTION (0.1ms)[0m  [1m[36mbegin transaction[0m
  [1m[36mPost Create (3.8ms)[0m  [1m[32mINSERT INTO "posts" ("user_id", "content", "created_at", "updated_at") VALUES (?, ?, ?, ?) RETURNING "id"[0m  [["user_id", 2], ["content", "Hello, this is Alice's first post!"], ["created_at", "2024-10-24 22:31:02.398680"], ["updated_at", "2024-10-24 22:31:02.398680"]]
  [1m[36mTRANSACTION (0.3ms)[0m  [1m[36mcommit transaction[0m
  [1m[36mTRANSACTION (0.1ms)[0m  [1m[36mbegin transaction[0m
  [1m[36mPost Create (2.4ms)[0m  [1m[32mINSERT INTO "posts" ("user_id", "content", "created_at", "updated_at") VALUES (?, ?, ?, ?) RETURNING "id"[0m  [["user_id", 3], ["content", "Hi, Bob here. Excited to join!"], ["created_at", "2024-10-24 22:31:02.408868"], ["updated_at", "2024-10-24 22:31:02.408868"]]
  [1m[36mTRANSACTION (0.2ms)[0m  [1m[36mcommit transaction[0m
  [1m[36mTRANSACTION (0.0ms)[0m  [1m[36mbegin transaction[0m
  [1m[36mComment Create (3.0ms)[0m  [1m[32mINSERT INTO "comments" ("user_id", "post_id", "content", "created_at", "updated_at") VALUES (?, ?, ?, ?, ?) RETURNING "id"[0m  [["user_id", 3], ["post_id", 2], ["content", "Welcome Alice!"], ["created_at", "2024-10-24 22:31:02.424236"], ["updated_at", "2024-10-24 22:31:02.424236"]]
  [1m[36mTRANSACTION (0.1ms)[0m  [1m[36mcommit transaction[0m
  [1m[36mTRANSACTION (0.0ms)[0m  [1m[36mbegin transaction[0m
  [1m[36mComment Create (0.8ms)[0m  [1m[32mINSERT INTO "comments" ("user_id", "post_id", "content", "created_at", "updated_at") VALUES (?, ?, ?, ?, ?) RETURNING "id"[0m  [["user_id", 2], ["post_id", 3], ["content", "Glad to have you, Bob!"], ["created_at", "2024-10-24 22:31:02.429633"], ["updated_at", "2024-10-24 22:31:02.429633"]]
  [1m[36mTRANSACTION (0.1ms)[0m  [1m[36mcommit transaction[0m
  [1m[36mUser Load (1.8ms)[0m  [1m[34mSELECT "users".* FROM "users" /* loading for pp */ LIMIT ?[0m  [["LIMIT", 11]]
  [1m[36mComment Load (0.2ms)[0m  [1m[34mSELECT "comments".* FROM "comments" /* loading for pp */ LIMIT ?[0m  [["LIMIT", 11]]
Started GET "/" for 127.0.0.1 at 2024-10-24 15:35:48 -0700
  [1m[36mActiveRecord::SchemaMigration Load (0.1ms)[0m  [1m[34mSELECT "schema_migrations"."version" FROM "schema_migrations" ORDER BY "schema_migrations"."version" ASC[0m
Processing by Rails::WelcomeController#index as HTML
  Rendering /Users/ege/.rbenv/versions/3.3.5/lib/ruby/gems/3.3.0/gems/railties-7.2.1.2/lib/rails/templates/rails/welcome/index.html.erb
  Rendered /Users/ege/.rbenv/versions/3.3.5/lib/ruby/gems/3.3.0/gems/railties-7.2.1.2/lib/rails/templates/rails/welcome/index.html.erb (Duration: 0.9ms | GC: 0.0ms)
Completed 200 OK in 8ms (Views: 2.9ms | ActiveRecord: 0.0ms (0 queries, 0 cached) | GC: 0.0ms)


Started GET "/login" for ::1 at 2024-10-24 15:56:05 -0700
  [1m[36mActiveRecord::SchemaMigration Load (0.3ms)[0m  [1m[34mSELECT "schema_migrations"."version" FROM "schema_migrations" ORDER BY "schema_migrations"."version" ASC[0m
Processing by SessionsController#new as HTML
  Rendering layout layouts/application.html.erb
  Rendering sessions/new.html.erb within layouts/application
  Rendered sessions/new.html.erb within layouts/application (Duration: 7.7ms | GC: 0.0ms)
  [1m[36mUser Load (0.1ms)[0m  [1m[34mSELECT "users".* FROM "users" WHERE "users"."id" IS NULL LIMIT ?[0m  [["LIMIT", 1]]
  ↳ app/controllers/application_controller.rb:9:in `current_user'
  Rendered layout layouts/application.html.erb (Duration: 671.9ms | GC: 62.8ms)
Completed 200 OK in 683ms (Views: 664.5ms | ActiveRecord: 10.6ms (1 query, 0 cached) | GC: 62.8ms)


Started GET "/favicon.ico" for ::1 at 2024-10-24 15:56:06 -0700
  
ActionController::RoutingError (No route matches [GET] "/favicon.ico"):
  
Started POST "/login" for ::1 at 2024-10-24 15:56:09 -0700
Processing by SessionsController#create as TURBO_STREAM
  Parameters: {"authenticity_token"=>"[FILTERED]", "username"=>"ege", "commit"=>"Login"}
  [1m[36mUser Load (0.1ms)[0m  [1m[34mSELECT "users".* FROM "users" WHERE "users"."username" = ? LIMIT ?[0m  [["username", "ege"], ["LIMIT", 1]]
  ↳ app/controllers/sessions_controller.rb:15:in `create'
  [1m[36mTRANSACTION (0.0ms)[0m  [1m[36mbegin transaction[0m
  ↳ app/controllers/sessions_controller.rb:23:in `create'
  [1m[36mUser Exists? (0.7ms)[0m  [1m[34mSELECT 1 AS one FROM "users" WHERE "users"."username" = ? LIMIT ?[0m  [["username", "ege"], ["LIMIT", 1]]
  ↳ app/controllers/sessions_controller.rb:23:in `create'
  [1m[36mUser Create (0.7ms)[0m  [1m[32mINSERT INTO "users" ("username", "created_at", "updated_at") VALUES (?, ?, ?) RETURNING "id"[0m  [["username", "ege"], ["created_at", "2024-10-24 22:56:09.409567"], ["updated_at", "2024-10-24 22:56:09.409567"]]
  ↳ app/controllers/sessions_controller.rb:23:in `create'
  [1m[36mTRANSACTION (0.2ms)[0m  [1m[36mcommit transaction[0m
  ↳ app/controllers/sessions_controller.rb:23:in `create'
Redirected to http://localhost:3000/
Completed 302 Found in 10ms (ActiveRecord: 2.0ms (3 queries, 0 cached) | GC: 0.0ms)


Started GET "/" for ::1 at 2024-10-24 15:56:09 -0700
  
ActionController::RoutingError (uninitialized constant PostsController):

Causes:
ActionDispatch::MissingController (uninitialized constant PostsController)
NameError (uninitialized constant PostsController)
  
Started GET "/login" for ::1 at 2024-10-24 15:56:09 -0700
Processing by SessionsController#new as HTML
  Rendering layout layouts/application.html.erb
  Rendering sessions/new.html.erb within layouts/application
  Rendered sessions/new.html.erb within layouts/application (Duration: 1.1ms | GC: 0.0ms)
  [1m[36mUser Load (0.1ms)[0m  [1m[34mSELECT "users".* FROM "users" WHERE "users"."id" = ? LIMIT ?[0m  [["id", 4], ["LIMIT", 1]]
  ↳ app/controllers/application_controller.rb:9:in `current_user'
  Rendered layout layouts/application.html.erb (Duration: 5.1ms | GC: 0.9ms)
Completed 200 OK in 6ms (Views: 5.3ms | ActiveRecord: 0.1ms (1 query, 0 cached) | GC: 0.9ms)


Started POST "/login" for ::1 at 2024-10-24 15:56:14 -0700
Processing by SessionsController#create as TURBO_STREAM
  Parameters: {"authenticity_token"=>"[FILTERED]", "username"=>"ege", "commit"=>"Login"}
  [1m[36mUser Load (0.2ms)[0m  [1m[34mSELECT "users".* FROM "users" WHERE "users"."username" = ? LIMIT ?[0m  [["username", "ege"], ["LIMIT", 1]]
  ↳ app/controllers/sessions_controller.rb:15:in `create'
Redirected to http://localhost:3000/
Completed 302 Found in 2ms (ActiveRecord: 0.2ms (1 query, 0 cached) | GC: 0.0ms)


Started GET "/" for ::1 at 2024-10-24 15:56:14 -0700
  
ActionController::RoutingError (uninitialized constant PostsController):

Causes:
ActionDispatch::MissingController (uninitialized constant PostsController)
NameError (uninitialized constant PostsController)
  
Started GET "/login" for ::1 at 2024-10-24 15:56:14 -0700
Processing by SessionsController#new as HTML
  Rendering layout layouts/application.html.erb
  Rendering sessions/new.html.erb within layouts/application
  Rendered sessions/new.html.erb within layouts/application (Duration: 1.3ms | GC: 0.0ms)
  [1m[36mUser Load (0.2ms)[0m  [1m[34mSELECT "users".* FROM "users" WHERE "users"."id" = ? LIMIT ?[0m  [["id", 4], ["LIMIT", 1]]
  ↳ app/controllers/application_controller.rb:9:in `current_user'
  Rendered layout layouts/application.html.erb (Duration: 5.6ms | GC: 0.0ms)
Completed 200 OK in 7ms (Views: 5.9ms | ActiveRecord: 0.2ms (1 query, 0 cached) | GC: 0.0ms)


Started POST "/login" for ::1 at 2024-10-24 15:56:15 -0700
Processing by SessionsController#create as TURBO_STREAM
  Parameters: {"authenticity_token"=>"[FILTERED]", "username"=>"ege", "commit"=>"Login"}
  [1m[36mUser Load (0.1ms)[0m  [1m[34mSELECT "users".* FROM "users" WHERE "users"."username" = ? LIMIT ?[0m  [["username", "ege"], ["LIMIT", 1]]
  ↳ app/controllers/sessions_controller.rb:15:in `create'
Redirected to http://localhost:3000/
Completed 302 Found in 2ms (ActiveRecord: 0.1ms (1 query, 0 cached) | GC: 0.0ms)


Started GET "/" for ::1 at 2024-10-24 15:56:16 -0700
  
ActionController::RoutingError (uninitialized constant PostsController):

Causes:
ActionDispatch::MissingController (uninitialized constant PostsController)
NameError (uninitialized constant PostsController)
  
Started GET "/login" for ::1 at 2024-10-24 15:56:16 -0700
Processing by SessionsController#new as HTML
  Rendering layout layouts/application.html.erb
  Rendering sessions/new.html.erb within layouts/application
  Rendered sessions/new.html.erb within layouts/application (Duration: 0.9ms | GC: 0.2ms)
  [1m[36mUser Load (0.1ms)[0m  [1m[34mSELECT "users".* FROM "users" WHERE "users"."id" = ? LIMIT ?[0m  [["id", 4], ["LIMIT", 1]]
  ↳ app/controllers/application_controller.rb:9:in `current_user'
  Rendered layout layouts/application.html.erb (Duration: 3.0ms | GC: 0.2ms)
Completed 200 OK in 4ms (Views: 3.1ms | ActiveRecord: 0.1ms (1 query, 0 cached) | GC: 0.2ms)


Started POST "/login" for ::1 at 2024-10-24 15:56:17 -0700
Processing by SessionsController#create as TURBO_STREAM
  Parameters: {"authenticity_token"=>"[FILTERED]", "username"=>"men", "commit"=>"Login"}
  [1m[36mUser Load (0.1ms)[0m  [1m[34mSELECT "users".* FROM "users" WHERE "users"."username" = ? LIMIT ?[0m  [["username", "men"], ["LIMIT", 1]]
  ↳ app/controllers/sessions_controller.rb:15:in `create'
  [1m[36mTRANSACTION (0.1ms)[0m  [1m[36mbegin transaction[0m
  ↳ app/controllers/sessions_controller.rb:23:in `create'
  [1m[36mUser Exists? (1.2ms)[0m  [1m[34mSELECT 1 AS one FROM "users" WHERE "users"."username" = ? LIMIT ?[0m  [["username", "men"], ["LIMIT", 1]]
  ↳ app/controllers/sessions_controller.rb:23:in `create'
  [1m[36mUser Create (0.2ms)[0m  [1m[32mINSERT INTO "users" ("username", "created_at", "updated_at") VALUES (?, ?, ?) RETURNING "id"[0m  [["username", "men"], ["created_at", "2024-10-24 22:56:17.385859"], ["updated_at", "2024-10-24 22:56:17.385859"]]
  ↳ app/controllers/sessions_controller.rb:23:in `create'
  [1m[36mTRANSACTION (0.5ms)[0m  [1m[36mcommit transaction[0m
  ↳ app/controllers/sessions_controller.rb:23:in `create'
Redirected to http://localhost:3000/
Completed 302 Found in 7ms (ActiveRecord: 2.0ms (3 queries, 0 cached) | GC: 0.0ms)


Started GET "/" for ::1 at 2024-10-24 15:56:17 -0700
  
ActionController::RoutingError (uninitialized constant PostsController):

Causes:
ActionDispatch::MissingController (uninitialized constant PostsController)
NameError (uninitialized constant PostsController)
  
Started GET "/login" for ::1 at 2024-10-24 15:56:17 -0700
Processing by SessionsController#new as HTML
  Rendering layout layouts/application.html.erb
  Rendering sessions/new.html.erb within layouts/application
  Rendered sessions/new.html.erb within layouts/application (Duration: 1.3ms | GC: 0.0ms)
  [1m[36mUser Load (0.2ms)[0m  [1m[34mSELECT "users".* FROM "users" WHERE "users"."id" = ? LIMIT ?[0m  [["id", 5], ["LIMIT", 1]]
  ↳ app/controllers/application_controller.rb:9:in `current_user'
  Rendered layout layouts/application.html.erb (Duration: 6.1ms | GC: 0.7ms)
Completed 200 OK in 7ms (Views: 6.4ms | ActiveRecord: 0.2ms (1 query, 0 cached) | GC: 0.7ms)


Started POST "/login" for ::1 at 2024-10-24 15:56:20 -0700
Processing by SessionsController#create as TURBO_STREAM
  Parameters: {"authenticity_token"=>"[FILTERED]", "username"=>"egg", "commit"=>"Login"}
  [1m[36mUser Load (0.3ms)[0m  [1m[34mSELECT "users".* FROM "users" WHERE "users"."username" = ? LIMIT ?[0m  [["username", "egg"], ["LIMIT", 1]]
  ↳ app/controllers/sessions_controller.rb:15:in `create'
  [1m[36mTRANSACTION (0.1ms)[0m  [1m[36mbegin transaction[0m
  ↳ app/controllers/sessions_controller.rb:23:in `create'
  [1m[36mUser Exists? (1.2ms)[0m  [1m[34mSELECT 1 AS one FROM "users" WHERE "users"."username" = ? LIMIT ?[0m  [["username", "egg"], ["LIMIT", 1]]
  ↳ app/controllers/sessions_controller.rb:23:in `create'
  [1m[36mUser Create (0.1ms)[0m  [1m[32mINSERT INTO "users" ("username", "created_at", "updated_at") VALUES (?, ?, ?) RETURNING "id"[0m  [["username", "egg"], ["created_at", "2024-10-24 22:56:20.353910"], ["updated_at", "2024-10-24 22:56:20.353910"]]
  ↳ app/controllers/sessions_controller.rb:23:in `create'
  [1m[36mTRANSACTION (0.1ms)[0m  [1m[36mcommit transaction[0m
  ↳ app/controllers/sessions_controller.rb:23:in `create'
Redirected to http://localhost:3000/
Completed 302 Found in 12ms (ActiveRecord: 1.7ms (3 queries, 0 cached) | GC: 3.1ms)


Started GET "/" for ::1 at 2024-10-24 15:56:20 -0700
  
ActionController::RoutingError (uninitialized constant PostsController):

Causes:
ActionDispatch::MissingController (uninitialized constant PostsController)
NameError (uninitialized constant PostsController)
  
Started GET "/login" for ::1 at 2024-10-24 15:56:20 -0700
Processing by SessionsController#new as HTML
  Rendering layout layouts/application.html.erb
  Rendering sessions/new.html.erb within layouts/application
  Rendered sessions/new.html.erb within layouts/application (Duration: 1.6ms | GC: 0.0ms)
  [1m[36mUser Load (0.1ms)[0m  [1m[34mSELECT "users".* FROM "users" WHERE "users"."id" = ? LIMIT ?[0m  [["id", 6], ["LIMIT", 1]]
  ↳ app/controllers/application_controller.rb:9:in `current_user'
  Rendered layout layouts/application.html.erb (Duration: 4.9ms | GC: 0.0ms)
Completed 200 OK in 6ms (Views: 5.2ms | ActiveRecord: 0.1ms (1 query, 0 cached) | GC: 0.0ms)


Started GET "/logout" for ::1 at 2024-10-24 15:56:21 -0700
  
ActionController::RoutingError (No route matches [GET] "/logout"):
  
Started GET "/" for 127.94.0.1 at 2024-10-24 15:58:38 -0700
  [1m[36mActiveRecord::SchemaMigration Load (0.1ms)[0m  [1m[34mSELECT "schema_migrations"."version" FROM "schema_migrations" ORDER BY "schema_migrations"."version" ASC[0m
  
ActionController::RoutingError (uninitialized constant PostsController):

Causes:
ActionDispatch::MissingController (uninitialized constant PostsController)
NameError (uninitialized constant PostsController)
  
Started GET "/favicon.ico" for 127.94.0.1 at 2024-10-24 15:58:38 -0700
  
ActionController::RoutingError (No route matches [GET] "/favicon.ico"):
  
Started GET "/" for ::1 at 2024-10-24 15:58:50 -0700
  
ActionController::RoutingError (uninitialized constant PostsController):

Causes:
ActionDispatch::MissingController (uninitialized constant PostsController)
NameError (uninitialized constant PostsController)
  
Started GET "/" for ::1 at 2024-10-24 16:07:27 -0700
  [1m[36mActiveRecord::SchemaMigration Load (0.1ms)[0m  [1m[34mSELECT "schema_migrations"."version" FROM "schema_migrations" ORDER BY "schema_migrations"."version" ASC[0m
Processing by PostsController#index as HTML
  [1m[36mUser Load (0.4ms)[0m  [1m[34mSELECT "users".* FROM "users" WHERE "users"."id" = ? LIMIT ?[0m  [["id", 6], ["LIMIT", 1]]
  ↳ app/controllers/application_controller.rb:9:in `current_user'
  Rendering layout layouts/application.html.erb
  Rendering posts/index.html.erb within layouts/application
  Rendered posts/index.html.erb within layouts/application (Duration: 0.6ms | GC: 0.0ms)
  Rendered layout layouts/application.html.erb (Duration: 66.1ms | GC: 17.1ms)
Completed 200 OK in 112ms (Views: 70.9ms | ActiveRecord: 1.9ms (1 query, 0 cached) | GC: 17.1ms)


Started GET "/logout" for ::1 at 2024-10-24 16:07:29 -0700
  
ActionController::RoutingError (No route matches [GET] "/logout"):
  
Started GET "/logout" for ::1 at 2024-10-24 16:10:34 -0700
  
ActionController::RoutingError (No route matches [GET] "/logout"):
  
Started GET "/logout" for ::1 at 2024-10-24 16:12:09 -0700
  [1m[36mActiveRecord::SchemaMigration Load (0.1ms)[0m  [1m[34mSELECT "schema_migrations"."version" FROM "schema_migrations" ORDER BY "schema_migrations"."version" ASC[0m
  
ActionController::RoutingError (No route matches [GET] "/logout"):
  
Started GET "/" for ::1 at 2024-10-24 16:12:12 -0700
Processing by PostsController#index as HTML
  [1m[36mUser Load (0.1ms)[0m  [1m[34mSELECT "users".* FROM "users" WHERE "users"."id" = ? LIMIT ?[0m  [["id", 6], ["LIMIT", 1]]
  ↳ app/controllers/application_controller.rb:9:in `current_user'
  Rendering layout layouts/application.html.erb
  Rendering posts/index.html.erb within layouts/application
  [1m[36mPost Load (2.6ms)[0m  [1m[34mSELECT "posts".* FROM "posts" ORDER BY "posts"."created_at" DESC[0m
  ↳ app/views/posts/index.html.erb:6
  [1m[36mUser Load (0.1ms)[0m  [1m[34mSELECT "users".* FROM "users" WHERE "users"."id" = ? LIMIT ?[0m  [["id", 3], ["LIMIT", 1]]
  ↳ app/views/posts/index.html.erb:11
  [1m[36mComment Count (0.4ms)[0m  [1m[34mSELECT COUNT(*) FROM "comments" WHERE "comments"."post_id" = ?[0m  [["post_id", 3]]
  ↳ app/views/posts/index.html.erb:12
  [1m[36mUser Load (0.1ms)[0m  [1m[34mSELECT "users".* FROM "users" WHERE "users"."id" = ? LIMIT ?[0m  [["id", 2], ["LIMIT", 1]]
  ↳ app/views/posts/index.html.erb:11
  [1m[36mComment Count (0.1ms)[0m  [1m[34mSELECT COUNT(*) FROM "comments" WHERE "comments"."post_id" = ?[0m  [["post_id", 2]]
  ↳ app/views/posts/index.html.erb:12
  [1m[36mUser Load (0.1ms)[0m  [1m[34mSELECT "users".* FROM "users" WHERE "users"."id" = ? LIMIT ?[0m  [["id", 1], ["LIMIT", 1]]
  ↳ app/views/posts/index.html.erb:11
  [1m[36mComment Count (0.5ms)[0m  [1m[34mSELECT COUNT(*) FROM "comments" WHERE "comments"."post_id" = ?[0m  [["post_id", 1]]
  ↳ app/views/posts/index.html.erb:12
  Rendered posts/index.html.erb within layouts/application (Duration: 56.1ms | GC: 23.8ms)
  Rendered layout layouts/application.html.erb (Duration: 68.4ms | GC: 31.2ms)
Completed 200 OK in 95ms (Views: 65.2ms | ActiveRecord: 6.3ms (8 queries, 0 cached) | GC: 32.3ms)


Started GET "/posts/new" for ::1 at 2024-10-24 16:12:15 -0700
Processing by PostsController#new as HTML
  [1m[36mUser Load (0.3ms)[0m  [1m[34mSELECT "users".* FROM "users" WHERE "users"."id" = ? LIMIT ?[0m  [["id", 6], ["LIMIT", 1]]
  ↳ app/controllers/application_controller.rb:9:in `current_user'
  Rendering layout layouts/application.html.erb
  Rendering posts/new.html.erb within layouts/application
  Rendered posts/new.html.erb within layouts/application (Duration: 0.3ms | GC: 0.0ms)
  Rendered layout layouts/application.html.erb (Duration: 1.2ms | GC: 0.0ms)
Completed 200 OK in 7ms (Views: 1.5ms | ActiveRecord: 0.3ms (1 query, 0 cached) | GC: 0.9ms)


Started GET "/logout" for ::1 at 2024-10-24 16:12:17 -0700
  
ActionController::RoutingError (No route matches [GET] "/logout"):
  
Started GET "/logout" for ::1 at 2024-10-24 16:13:31 -0700
Processing by SessionsController#destroy as HTML
  [1m[36mUser Load (0.1ms)[0m  [1m[34mSELECT "users".* FROM "users" WHERE "users"."id" = ? LIMIT ?[0m  [["id", 6], ["LIMIT", 1]]
  ↳ app/controllers/application_controller.rb:9:in `current_user'
Redirected to http://localhost:3000/login
Completed 302 Found in 7ms (ActiveRecord: 1.2ms (1 query, 0 cached) | GC: 0.0ms)


Started GET "/login" for ::1 at 2024-10-24 16:13:31 -0700
Processing by SessionsController#new as HTML
  Rendering layout layouts/application.html.erb
  Rendering sessions/new.html.erb within layouts/application
  Rendered sessions/new.html.erb within layouts/application (Duration: 1.6ms | GC: 0.0ms)
  [1m[36mUser Load (0.1ms)[0m  [1m[34mSELECT "users".* FROM "users" WHERE "users"."id" IS NULL LIMIT ?[0m  [["LIMIT", 1]]
  ↳ app/controllers/application_controller.rb:9:in `current_user'
  Rendered layout layouts/application.html.erb (Duration: 11.7ms | GC: 6.5ms)
Completed 200 OK in 16ms (Views: 13.7ms | ActiveRecord: 0.1ms (1 query, 0 cached) | GC: 6.5ms)


Started POST "/login" for ::1 at 2024-10-24 16:13:51 -0700
Processing by SessionsController#create as TURBO_STREAM
  Parameters: {"authenticity_token"=>"[FILTERED]", "username"=>"ege", "commit"=>"Login"}
  [1m[36mUser Load (0.1ms)[0m  [1m[34mSELECT "users".* FROM "users" WHERE "users"."username" = ? LIMIT ?[0m  [["username", "ege"], ["LIMIT", 1]]
  ↳ app/controllers/sessions_controller.rb:15:in `create'
Redirected to http://localhost:3000/
Completed 302 Found in 3ms (ActiveRecord: 0.1ms (1 query, 0 cached) | GC: 0.0ms)


Started GET "/" for ::1 at 2024-10-24 16:13:51 -0700
Processing by PostsController#index as TURBO_STREAM
  [1m[36mUser Load (0.2ms)[0m  [1m[34mSELECT "users".* FROM "users" WHERE "users"."id" = ? LIMIT ?[0m  [["id", 4], ["LIMIT", 1]]
  ↳ app/controllers/application_controller.rb:9:in `current_user'
  Rendering layout layouts/application.html.erb
  Rendering posts/index.html.erb within layouts/application
  [1m[36mPost Load (0.1ms)[0m  [1m[34mSELECT "posts".* FROM "posts" ORDER BY "posts"."created_at" DESC[0m
  ↳ app/views/posts/index.html.erb:6
  [1m[36mUser Load (0.2ms)[0m  [1m[34mSELECT "users".* FROM "users" WHERE "users"."id" = ? LIMIT ?[0m  [["id", 3], ["LIMIT", 1]]
  ↳ app/views/posts/index.html.erb:11
  [1m[36mComment Count (0.1ms)[0m  [1m[34mSELECT COUNT(*) FROM "comments" WHERE "comments"."post_id" = ?[0m  [["post_id", 3]]
  ↳ app/views/posts/index.html.erb:12
  [1m[36mUser Load (0.1ms)[0m  [1m[34mSELECT "users".* FROM "users" WHERE "users"."id" = ? LIMIT ?[0m  [["id", 2], ["LIMIT", 1]]
  ↳ app/views/posts/index.html.erb:11
  [1m[36mComment Count (0.1ms)[0m  [1m[34mSELECT COUNT(*) FROM "comments" WHERE "comments"."post_id" = ?[0m  [["post_id", 2]]
  ↳ app/views/posts/index.html.erb:12
  [1m[36mUser Load (0.1ms)[0m  [1m[34mSELECT "users".* FROM "users" WHERE "users"."id" = ? LIMIT ?[0m  [["id", 1], ["LIMIT", 1]]
  ↳ app/views/posts/index.html.erb:11
  [1m[36mComment Count (0.1ms)[0m  [1m[34mSELECT COUNT(*) FROM "comments" WHERE "comments"."post_id" = ?[0m  [["post_id", 1]]
  ↳ app/views/posts/index.html.erb:12
  Rendered posts/index.html.erb within layouts/application (Duration: 18.9ms | GC: 0.6ms)
  Rendered layout layouts/application.html.erb (Duration: 19.7ms | GC: 0.6ms)
Completed 200 OK in 26ms (Views: 18.8ms | ActiveRecord: 1.9ms (8 queries, 0 cached) | GC: 1.0ms)


Started GET "/posts/3" for ::1 at 2024-10-24 16:13:52 -0700
Processing by PostsController#show as HTML
  Parameters: {"id"=>"3"}
  [1m[36mUser Load (0.1ms)[0m  [1m[34mSELECT "users".* FROM "users" WHERE "users"."id" = ? LIMIT ?[0m  [["id", 4], ["LIMIT", 1]]
  ↳ app/controllers/application_controller.rb:9:in `current_user'
  [1m[36mPost Load (0.1ms)[0m  [1m[34mSELECT "posts".* FROM "posts" WHERE "posts"."id" = ? LIMIT ?[0m  [["id", 3], ["LIMIT", 1]]
  ↳ app/controllers/posts_controller.rb:59:in `set_post'
  Rendering layout layouts/application.html.erb
  Rendering posts/show.html.erb within layouts/application
  Rendered posts/show.html.erb within layouts/application (Duration: 0.3ms | GC: 0.0ms)
  Rendered layout layouts/application.html.erb (Duration: 1.2ms | GC: 0.0ms)
Completed 200 OK in 8ms (Views: 1.5ms | ActiveRecord: 0.2ms (2 queries, 0 cached) | GC: 0.4ms)


Started GET "/apple-touch-icon-precomposed.png" for ::1 at 2024-10-24 16:15:01 -0700
Started GET "/apple-touch-icon.png" for ::1 at 2024-10-24 16:15:01 -0700
Started GET "/favicon.ico" for ::1 at 2024-10-24 16:15:01 -0700
  
ActionController::RoutingError (No route matches [GET] "/apple-touch-icon-precomposed.png"):
  
  
ActionController::RoutingError (No route matches [GET] "/apple-touch-icon.png"):
  
  
ActionController::RoutingError (No route matches [GET] "/favicon.ico"):
  
Started GET "/" for ::1 at 2024-10-24 16:15:03 -0700
Processing by PostsController#index as HTML
  [1m[36mUser Load (0.3ms)[0m  [1m[34mSELECT "users".* FROM "users" WHERE "users"."id" IS NULL LIMIT ?[0m  [["LIMIT", 1]]
  ↳ app/controllers/application_controller.rb:9:in `current_user'
Redirected to http://localhost:3000/login
Filter chain halted as :require_login rendered or redirected
Completed 302 Found in 6ms (ActiveRecord: 0.2ms (1 query, 0 cached) | GC: 0.0ms)


Started GET "/login" for ::1 at 2024-10-24 16:15:03 -0700
Processing by SessionsController#new as HTML
  Rendering layout layouts/application.html.erb
  Rendering sessions/new.html.erb within layouts/application
  Rendered sessions/new.html.erb within layouts/application (Duration: 3.1ms | GC: 0.0ms)
  [1m[36mUser Load (0.2ms)[0m  [1m[34mSELECT "users".* FROM "users" WHERE "users"."id" IS NULL LIMIT ?[0m  [["LIMIT", 1]]
  ↳ app/controllers/application_controller.rb:9:in `current_user'
  Rendered layout layouts/application.html.erb (Duration: 7.8ms | GC: 0.0ms)
Completed 200 OK in 9ms (Views: 8.0ms | ActiveRecord: 0.2ms (1 query, 0 cached) | GC: 0.0ms)


Started GET "/favicon.ico" for ::1 at 2024-10-24 16:15:04 -0700
  
ActionController::RoutingError (No route matches [GET] "/favicon.ico"):
  
Started POST "/login" for ::1 at 2024-10-24 16:15:05 -0700
Processing by SessionsController#create as TURBO_STREAM
  Parameters: {"authenticity_token"=>"[FILTERED]", "username"=>"EGE", "commit"=>"Login"}
  [1m[36mUser Load (0.3ms)[0m  [1m[34mSELECT "users".* FROM "users" WHERE "users"."username" = ? LIMIT ?[0m  [["username", "EGE"], ["LIMIT", 1]]
  ↳ app/controllers/sessions_controller.rb:15:in `create'
  [1m[36mTRANSACTION (0.1ms)[0m  [1m[36mbegin transaction[0m
  ↳ app/controllers/sessions_controller.rb:23:in `create'
  [1m[36mUser Exists? (1.9ms)[0m  [1m[34mSELECT 1 AS one FROM "users" WHERE "users"."username" = ? LIMIT ?[0m  [["username", "EGE"], ["LIMIT", 1]]
  ↳ app/controllers/sessions_controller.rb:23:in `create'
  [1m[36mUser Create (1.2ms)[0m  [1m[32mINSERT INTO "users" ("username", "created_at", "updated_at") VALUES (?, ?, ?) RETURNING "id"[0m  [["username", "EGE"], ["created_at", "2024-10-24 23:15:05.474810"], ["updated_at", "2024-10-24 23:15:05.474810"]]
  ↳ app/controllers/sessions_controller.rb:23:in `create'
  [1m[36mTRANSACTION (0.5ms)[0m  [1m[36mcommit transaction[0m
  ↳ app/controllers/sessions_controller.rb:23:in `create'
Redirected to http://localhost:3000/
Completed 302 Found in 13ms (ActiveRecord: 3.9ms (3 queries, 0 cached) | GC: 0.2ms)


Started GET "/" for ::1 at 2024-10-24 16:15:05 -0700
Processing by PostsController#index as TURBO_STREAM
  [1m[36mUser Load (0.3ms)[0m  [1m[34mSELECT "users".* FROM "users" WHERE "users"."id" = ? LIMIT ?[0m  [["id", 7], ["LIMIT", 1]]
  ↳ app/controllers/application_controller.rb:9:in `current_user'
  Rendering layout layouts/application.html.erb
  Rendering posts/index.html.erb within layouts/application
  [1m[36mPost Load (0.1ms)[0m  [1m[34mSELECT "posts".* FROM "posts" ORDER BY "posts"."created_at" DESC[0m
  ↳ app/views/posts/index.html.erb:6
  [1m[36mUser Load (0.1ms)[0m  [1m[34mSELECT "users".* FROM "users" WHERE "users"."id" = ? LIMIT ?[0m  [["id", 3], ["LIMIT", 1]]
  ↳ app/views/posts/index.html.erb:11
  [1m[36mComment Count (0.1ms)[0m  [1m[34mSELECT COUNT(*) FROM "comments" WHERE "comments"."post_id" = ?[0m  [["post_id", 3]]
  ↳ app/views/posts/index.html.erb:12
  [1m[36mUser Load (0.0ms)[0m  [1m[34mSELECT "users".* FROM "users" WHERE "users"."id" = ? LIMIT ?[0m  [["id", 2], ["LIMIT", 1]]
  ↳ app/views/posts/index.html.erb:11
  [1m[36mComment Count (0.0ms)[0m  [1m[34mSELECT COUNT(*) FROM "comments" WHERE "comments"."post_id" = ?[0m  [["post_id", 2]]
  ↳ app/views/posts/index.html.erb:12
  [1m[36mUser Load (0.0ms)[0m  [1m[34mSELECT "users".* FROM "users" WHERE "users"."id" = ? LIMIT ?[0m  [["id", 1], ["LIMIT", 1]]
  ↳ app/views/posts/index.html.erb:11
  [1m[36mComment Count (0.1ms)[0m  [1m[34mSELECT COUNT(*) FROM "comments" WHERE "comments"."post_id" = ?[0m  [["post_id", 1]]
  ↳ app/views/posts/index.html.erb:12
  Rendered posts/index.html.erb within layouts/application (Duration: 7.7ms | GC: 1.1ms)
  Rendered layout layouts/application.html.erb (Duration: 8.5ms | GC: 1.1ms)
Completed 200 OK in 13ms (Views: 8.7ms | ActiveRecord: 0.8ms (8 queries, 0 cached) | GC: 1.1ms)


Started GET "/posts?username=testuser" for ::1 at 2024-10-24 16:15:08 -0700
Processing by PostsController#index as HTML
  Parameters: {"username"=>"testuser"}
  [1m[36mUser Load (0.3ms)[0m  [1m[34mSELECT "users".* FROM "users" WHERE "users"."id" = ? LIMIT ?[0m  [["id", 7], ["LIMIT", 1]]
  ↳ app/controllers/application_controller.rb:9:in `current_user'
  Rendering layout layouts/application.html.erb
  Rendering posts/index.html.erb within layouts/application
  [1m[36mPost Load (0.2ms)[0m  [1m[34mSELECT "posts".* FROM "posts" ORDER BY "posts"."created_at" DESC[0m
  ↳ app/views/posts/index.html.erb:6
  [1m[36mUser Load (0.1ms)[0m  [1m[34mSELECT "users".* FROM "users" WHERE "users"."id" = ? LIMIT ?[0m  [["id", 3], ["LIMIT", 1]]
  ↳ app/views/posts/index.html.erb:11
  [1m[36mComment Count (0.1ms)[0m  [1m[34mSELECT COUNT(*) FROM "comments" WHERE "comments"."post_id" = ?[0m  [["post_id", 3]]
  ↳ app/views/posts/index.html.erb:12
  [1m[36mUser Load (0.1ms)[0m  [1m[34mSELECT "users".* FROM "users" WHERE "users"."id" = ? LIMIT ?[0m  [["id", 2], ["LIMIT", 1]]
  ↳ app/views/posts/index.html.erb:11
  [1m[36mComment Count (0.1ms)[0m  [1m[34mSELECT COUNT(*) FROM "comments" WHERE "comments"."post_id" = ?[0m  [["post_id", 2]]
  ↳ app/views/posts/index.html.erb:12
  [1m[36mUser Load (0.1ms)[0m  [1m[34mSELECT "users".* FROM "users" WHERE "users"."id" = ? LIMIT ?[0m  [["id", 1], ["LIMIT", 1]]
  ↳ app/views/posts/index.html.erb:11
  [1m[36mComment Count (0.1ms)[0m  [1m[34mSELECT COUNT(*) FROM "comments" WHERE "comments"."post_id" = ?[0m  [["post_id", 1]]
  ↳ app/views/posts/index.html.erb:12
  Rendered posts/index.html.erb within layouts/application (Duration: 15.1ms | GC: 0.0ms)
  Rendered layout layouts/application.html.erb (Duration: 20.5ms | GC: 3.3ms)
Completed 200 OK in 25ms (Views: 20.8ms | ActiveRecord: 1.0ms (8 queries, 0 cached) | GC: 3.3ms)


Started GET "/" for ::1 at 2024-10-24 16:16:57 -0700
Processing by PostsController#index as HTML
  [1m[36mUser Load (0.1ms)[0m  [1m[34mSELECT "users".* FROM "users" WHERE "users"."id" IS NULL LIMIT ?[0m  [["LIMIT", 1]]
  ↳ app/controllers/application_controller.rb:9:in `current_user'
Redirected to http://localhost:3000/login
Filter chain halted as :require_login rendered or redirected
Completed 302 Found in 6ms (ActiveRecord: 1.7ms (1 query, 0 cached) | GC: 0.0ms)


Started GET "/login" for ::1 at 2024-10-24 16:16:57 -0700
Processing by SessionsController#new as HTML
  Rendering layout layouts/application.html.erb
  Rendering sessions/new.html.erb within layouts/application
  Rendered sessions/new.html.erb within layouts/application (Duration: 1.0ms | GC: 0.0ms)
  [1m[36mUser Load (0.1ms)[0m  [1m[34mSELECT "users".* FROM "users" WHERE "users"."id" IS NULL LIMIT ?[0m  [["LIMIT", 1]]
  ↳ app/controllers/application_controller.rb:9:in `current_user'
  Rendered layout layouts/application.html.erb (Duration: 12.0ms | GC: 4.5ms)
Completed 200 OK in 14ms (Views: 12.8ms | ActiveRecord: 0.1ms (1 query, 0 cached) | GC: 4.5ms)


Started GET "/favicon.ico" for ::1 at 2024-10-24 16:16:57 -0700
  
ActionController::RoutingError (No route matches [GET] "/favicon.ico"):
  
Started POST "/login" for ::1 at 2024-10-24 16:16:58 -0700
Processing by SessionsController#create as TURBO_STREAM
  Parameters: {"authenticity_token"=>"[FILTERED]", "username"=>"EGE", "commit"=>"Login"}
  [1m[36mUser Load (0.2ms)[0m  [1m[34mSELECT "users".* FROM "users" WHERE "users"."username" = ? LIMIT ?[0m  [["username", "EGE"], ["LIMIT", 1]]
  ↳ app/controllers/sessions_controller.rb:15:in `create'
Redirected to http://localhost:3000/
Completed 302 Found in 10ms (ActiveRecord: 0.4ms (1 query, 0 cached) | GC: 4.4ms)


Started GET "/" for ::1 at 2024-10-24 16:16:58 -0700
Processing by PostsController#index as TURBO_STREAM
  [1m[36mUser Load (0.1ms)[0m  [1m[34mSELECT "users".* FROM "users" WHERE "users"."id" = ? LIMIT ?[0m  [["id", 7], ["LIMIT", 1]]
  ↳ app/controllers/application_controller.rb:9:in `current_user'
  Rendering layout layouts/application.html.erb
  Rendering posts/index.html.erb within layouts/application
  [1m[36mPost Load (0.3ms)[0m  [1m[34mSELECT "posts".* FROM "posts" ORDER BY "posts"."created_at" DESC[0m
  ↳ app/views/posts/index.html.erb:6
  [1m[36mUser Load (0.1ms)[0m  [1m[34mSELECT "users".* FROM "users" WHERE "users"."id" = ? LIMIT ?[0m  [["id", 3], ["LIMIT", 1]]
  ↳ app/views/posts/index.html.erb:11
  [1m[36mComment Count (0.1ms)[0m  [1m[34mSELECT COUNT(*) FROM "comments" WHERE "comments"."post_id" = ?[0m  [["post_id", 3]]
  ↳ app/views/posts/index.html.erb:12
  [1m[36mUser Load (0.1ms)[0m  [1m[34mSELECT "users".* FROM "users" WHERE "users"."id" = ? LIMIT ?[0m  [["id", 2], ["LIMIT", 1]]
  ↳ app/views/posts/index.html.erb:11
  [1m[36mComment Count (0.1ms)[0m  [1m[34mSELECT COUNT(*) FROM "comments" WHERE "comments"."post_id" = ?[0m  [["post_id", 2]]
  ↳ app/views/posts/index.html.erb:12
  [1m[36mUser Load (0.1ms)[0m  [1m[34mSELECT "users".* FROM "users" WHERE "users"."id" = ? LIMIT ?[0m  [["id", 1], ["LIMIT", 1]]
  ↳ app/views/posts/index.html.erb:11
  [1m[36mComment Count (0.1ms)[0m  [1m[34mSELECT COUNT(*) FROM "comments" WHERE "comments"."post_id" = ?[0m  [["post_id", 1]]
  ↳ app/views/posts/index.html.erb:12
  Rendered posts/index.html.erb within layouts/application (Duration: 20.1ms | GC: 0.7ms)
  Rendered layout layouts/application.html.erb (Duration: 21.3ms | GC: 0.7ms)
Completed 200 OK in 27ms (Views: 20.4ms | ActiveRecord: 1.8ms (8 queries, 0 cached) | GC: 1.6ms)


Started DELETE "/logout" for ::1 at 2024-10-24 16:17:00 -0700
Processing by SessionsController#destroy as TURBO_STREAM
  Parameters: {"authenticity_token"=>"[FILTERED]"}
  [1m[36mUser Load (0.1ms)[0m  [1m[34mSELECT "users".* FROM "users" WHERE "users"."id" = ? LIMIT ?[0m  [["id", 7], ["LIMIT", 1]]
  ↳ app/controllers/application_controller.rb:9:in `current_user'
Redirected to http://localhost:3000/login
Completed 302 Found in 2ms (ActiveRecord: 0.1ms (1 query, 0 cached) | GC: 0.1ms)


Started GET "/login" for ::1 at 2024-10-24 16:17:00 -0700
Processing by SessionsController#new as TURBO_STREAM
  Rendering layout layouts/application.html.erb
  Rendering sessions/new.html.erb within layouts/application
  Rendered sessions/new.html.erb within layouts/application (Duration: 0.8ms | GC: 0.0ms)
  [1m[36mUser Load (0.1ms)[0m  [1m[34mSELECT "users".* FROM "users" WHERE "users"."id" IS NULL LIMIT ?[0m  [["LIMIT", 1]]
  ↳ app/controllers/application_controller.rb:9:in `current_user'
  Rendered layout layouts/application.html.erb (Duration: 2.9ms | GC: 0.2ms)
Completed 200 OK in 4ms (Views: 3.0ms | ActiveRecord: 0.1ms (1 query, 0 cached) | GC: 0.2ms)


Started POST "/login" for ::1 at 2024-10-24 16:17:01 -0700
Processing by SessionsController#create as TURBO_STREAM
  Parameters: {"authenticity_token"=>"[FILTERED]", "username"=>"EGE", "commit"=>"Login"}
  [1m[36mUser Load (0.1ms)[0m  [1m[34mSELECT "users".* FROM "users" WHERE "users"."username" = ? LIMIT ?[0m  [["username", "EGE"], ["LIMIT", 1]]
  ↳ app/controllers/sessions_controller.rb:15:in `create'
Redirected to http://localhost:3000/
Completed 302 Found in 2ms (ActiveRecord: 0.1ms (1 query, 0 cached) | GC: 0.0ms)


Started GET "/" for ::1 at 2024-10-24 16:17:01 -0700
Processing by PostsController#index as TURBO_STREAM
  [1m[36mUser Load (0.1ms)[0m  [1m[34mSELECT "users".* FROM "users" WHERE "users"."id" = ? LIMIT ?[0m  [["id", 7], ["LIMIT", 1]]
  ↳ app/controllers/application_controller.rb:9:in `current_user'
  Rendering layout layouts/application.html.erb
  Rendering posts/index.html.erb within layouts/application
  [1m[36mPost Load (0.0ms)[0m  [1m[34mSELECT "posts".* FROM "posts" ORDER BY "posts"."created_at" DESC[0m
  ↳ app/views/posts/index.html.erb:6
  [1m[36mUser Load (0.0ms)[0m  [1m[34mSELECT "users".* FROM "users" WHERE "users"."id" = ? LIMIT ?[0m  [["id", 3], ["LIMIT", 1]]
  ↳ app/views/posts/index.html.erb:11
  [1m[36mComment Count (0.1ms)[0m  [1m[34mSELECT COUNT(*) FROM "comments" WHERE "comments"."post_id" = ?[0m  [["post_id", 3]]
  ↳ app/views/posts/index.html.erb:12
  [1m[36mUser Load (0.0ms)[0m  [1m[34mSELECT "users".* FROM "users" WHERE "users"."id" = ? LIMIT ?[0m  [["id", 2], ["LIMIT", 1]]
  ↳ app/views/posts/index.html.erb:11
  [1m[36mComment Count (0.1ms)[0m  [1m[34mSELECT COUNT(*) FROM "comments" WHERE "comments"."post_id" = ?[0m  [["post_id", 2]]
  ↳ app/views/posts/index.html.erb:12
  [1m[36mUser Load (0.1ms)[0m  [1m[34mSELECT "users".* FROM "users" WHERE "users"."id" = ? LIMIT ?[0m  [["id", 1], ["LIMIT", 1]]
  ↳ app/views/posts/index.html.erb:11
  [1m[36mComment Count (0.1ms)[0m  [1m[34mSELECT COUNT(*) FROM "comments" WHERE "comments"."post_id" = ?[0m  [["post_id", 1]]
  ↳ app/views/posts/index.html.erb:12
  Rendered posts/index.html.erb within layouts/application (Duration: 7.3ms | GC: 0.0ms)
  Rendered layout layouts/application.html.erb (Duration: 8.4ms | GC: 0.0ms)
Completed 200 OK in 10ms (Views: 8.4ms | ActiveRecord: 0.5ms (8 queries, 0 cached) | GC: 0.0ms)


Started DELETE "/logout" for ::1 at 2024-10-24 16:17:02 -0700
Processing by SessionsController#destroy as TURBO_STREAM
  Parameters: {"authenticity_token"=>"[FILTERED]"}
  [1m[36mUser Load (0.1ms)[0m  [1m[34mSELECT "users".* FROM "users" WHERE "users"."id" = ? LIMIT ?[0m  [["id", 7], ["LIMIT", 1]]
  ↳ app/controllers/application_controller.rb:9:in `current_user'
Redirected to http://localhost:3000/login
Completed 302 Found in 7ms (ActiveRecord: 0.1ms (1 query, 0 cached) | GC: 3.8ms)


Started GET "/login" for ::1 at 2024-10-24 16:17:02 -0700
Processing by SessionsController#new as TURBO_STREAM
  Rendering layout layouts/application.html.erb
  Rendering sessions/new.html.erb within layouts/application
  Rendered sessions/new.html.erb within layouts/application (Duration: 1.3ms | GC: 0.0ms)
  [1m[36mUser Load (0.1ms)[0m  [1m[34mSELECT "users".* FROM "users" WHERE "users"."id" IS NULL LIMIT ?[0m  [["LIMIT", 1]]
  ↳ app/controllers/application_controller.rb:9:in `current_user'
  Rendered layout layouts/application.html.erb (Duration: 2.8ms | GC: 0.0ms)
Completed 200 OK in 4ms (Views: 3.0ms | ActiveRecord: 0.1ms (1 query, 0 cached) | GC: 0.0ms)


Started GET "/login" for ::1 at 2024-10-24 16:17:12 -0700
Processing by SessionsController#new as HTML
  Rendering layout layouts/application.html.erb
  Rendering sessions/new.html.erb within layouts/application
  Rendered sessions/new.html.erb within layouts/application (Duration: 0.8ms | GC: 0.0ms)
  [1m[36mUser Load (0.0ms)[0m  [1m[34mSELECT "users".* FROM "users" WHERE "users"."id" IS NULL LIMIT ?[0m  [["LIMIT", 1]]
  ↳ app/controllers/application_controller.rb:9:in `current_user'
  Rendered layout layouts/application.html.erb (Duration: 5.1ms | GC: 0.0ms)
Completed 200 OK in 7ms (Views: 5.1ms | ActiveRecord: 0.8ms (1 query, 0 cached) | GC: 0.0ms)


Started POST "/login" for ::1 at 2024-10-24 16:17:13 -0700
Processing by SessionsController#create as TURBO_STREAM
  Parameters: {"authenticity_token"=>"[FILTERED]", "username"=>"EGE", "commit"=>"Login"}
  [1m[36mUser Load (0.1ms)[0m  [1m[34mSELECT "users".* FROM "users" WHERE "users"."username" = ? LIMIT ?[0m  [["username", "EGE"], ["LIMIT", 1]]
  ↳ app/controllers/sessions_controller.rb:15:in `create'
Redirected to http://localhost:3000/
Completed 302 Found in 8ms (ActiveRecord: 0.4ms (1 query, 0 cached) | GC: 3.5ms)


Started GET "/" for ::1 at 2024-10-24 16:17:13 -0700
Processing by PostsController#index as TURBO_STREAM
  [1m[36mUser Load (0.1ms)[0m  [1m[34mSELECT "users".* FROM "users" WHERE "users"."id" = ? LIMIT ?[0m  [["id", 7], ["LIMIT", 1]]
  ↳ app/controllers/application_controller.rb:9:in `current_user'
  Rendering layout layouts/application.html.erb
  Rendering posts/index.html.erb within layouts/application
  [1m[36mPost Load (0.1ms)[0m  [1m[34mSELECT "posts".* FROM "posts" ORDER BY "posts"."created_at" DESC[0m
  ↳ app/views/posts/index.html.erb:6
  [1m[36mUser Load (0.0ms)[0m  [1m[34mSELECT "users".* FROM "users" WHERE "users"."id" = ? LIMIT ?[0m  [["id", 3], ["LIMIT", 1]]
  ↳ app/views/posts/index.html.erb:11
  [1m[36mComment Count (0.0ms)[0m  [1m[34mSELECT COUNT(*) FROM "comments" WHERE "comments"."post_id" = ?[0m  [["post_id", 3]]
  ↳ app/views/posts/index.html.erb:12
  [1m[36mUser Load (0.0ms)[0m  [1m[34mSELECT "users".* FROM "users" WHERE "users"."id" = ? LIMIT ?[0m  [["id", 2], ["LIMIT", 1]]
  ↳ app/views/posts/index.html.erb:11
  [1m[36mComment Count (0.0ms)[0m  [1m[34mSELECT COUNT(*) FROM "comments" WHERE "comments"."post_id" = ?[0m  [["post_id", 2]]
  ↳ app/views/posts/index.html.erb:12
  [1m[36mUser Load (0.0ms)[0m  [1m[34mSELECT "users".* FROM "users" WHERE "users"."id" = ? LIMIT ?[0m  [["id", 1], ["LIMIT", 1]]
  ↳ app/views/posts/index.html.erb:11
  [1m[36mComment Count (0.0ms)[0m  [1m[34mSELECT COUNT(*) FROM "comments" WHERE "comments"."post_id" = ?[0m  [["post_id", 1]]
  ↳ app/views/posts/index.html.erb:12
  Rendered posts/index.html.erb within layouts/application (Duration: 7.8ms | GC: 0.4ms)
  Rendered layout layouts/application.html.erb (Duration: 8.9ms | GC: 0.4ms)
Completed 200 OK in 12ms (Views: 9.0ms | ActiveRecord: 0.6ms (8 queries, 0 cached) | GC: 0.4ms)


Started DELETE "/logout" for ::1 at 2024-10-24 16:17:14 -0700
Processing by SessionsController#destroy as TURBO_STREAM
  Parameters: {"authenticity_token"=>"[FILTERED]"}
  [1m[36mUser Load (0.2ms)[0m  [1m[34mSELECT "users".* FROM "users" WHERE "users"."id" = ? LIMIT ?[0m  [["id", 7], ["LIMIT", 1]]
  ↳ app/controllers/application_controller.rb:9:in `current_user'
Redirected to http://localhost:3000/login
Completed 302 Found in 3ms (ActiveRecord: 0.1ms (1 query, 0 cached) | GC: 0.0ms)


Started GET "/login" for ::1 at 2024-10-24 16:17:14 -0700
Processing by SessionsController#new as TURBO_STREAM
  Rendering layout layouts/application.html.erb
  Rendering sessions/new.html.erb within layouts/application
  Rendered sessions/new.html.erb within layouts/application (Duration: 1.1ms | GC: 0.0ms)
  [1m[36mUser Load (0.1ms)[0m  [1m[34mSELECT "users".* FROM "users" WHERE "users"."id" IS NULL LIMIT ?[0m  [["LIMIT", 1]]
  ↳ app/controllers/application_controller.rb:9:in `current_user'
  Rendered layout layouts/application.html.erb (Duration: 2.8ms | GC: 0.0ms)
Completed 200 OK in 4ms (Views: 3.1ms | ActiveRecord: 0.1ms (1 query, 0 cached) | GC: 0.0ms)


Started GET "/login" for ::1 at 2024-10-24 16:17:15 -0700
Processing by SessionsController#new as HTML
  Rendering layout layouts/application.html.erb
  Rendering sessions/new.html.erb within layouts/application
  Rendered sessions/new.html.erb within layouts/application (Duration: 0.6ms | GC: 0.0ms)
  [1m[36mUser Load (0.1ms)[0m  [1m[34mSELECT "users".* FROM "users" WHERE "users"."id" IS NULL LIMIT ?[0m  [["LIMIT", 1]]
  ↳ app/controllers/application_controller.rb:9:in `current_user'
  Rendered layout layouts/application.html.erb (Duration: 1.6ms | GC: 0.0ms)
Completed 200 OK in 2ms (Views: 1.7ms | ActiveRecord: 0.1ms (1 query, 0 cached) | GC: 0.0ms)


